# JRE version: Java(TM) SE Runtime Environment (18.0.2.1+1) (build 18.0.2.1+1-1)
# Java VM: Java HotSpot(TM) 64-Bit Server VM (18.0.2.1+1-1, mixed mode, sharing, tiered, compressed oops, compressed class ptrs, g1 gc, windows-amd64)
GC Precious Log:
 CardTable entry size: 512
 Card Set container configuration: InlinePtr #cards 5 size 8 Array Of Cards #cards 12 size 40 Howl #buckets 4 coarsen threshold 1843 Howl Bitmap #cards 512 size 80 coarsen threshold 460 Card regions per heap region 1 cards per card region 2048
 CPUs: 8 total, 8 available
 Memory: 7930M
 Large Page Support: Disabled
 NUMA Support: Disabled
 Compressed Oops: Enabled (32-bit)
 Heap Region Size: 1M
 Heap Min Capacity: 8M
 Heap Initial Capacity: 124M
 Heap Max Capacity: 1984M
 Pre-touch: Disabled
 Parallel Workers: 8
 Concurrent Workers: 2
 Concurrent Refinement Workers: 8
 Periodic GC: Disabled
Heap:
 garbage-first heap   total 111616K, used 88679K [0x0000000084000000, 0x0000000100000000)
  region size 1024K, 49 young (50176K), 3 survivors (3072K)
 Metaspace       used 91447K, committed 92288K, reserved 1179648K
  class space    used 11459K, committed 11840K, reserved 1048576K
GC Heap History (20 events):
Event: 1809.108 GC heap after
{Heap after GC invocations=85 (full 4):
 garbage-first heap   total 111616K, used 39272K [0x0000000084000000, 0x0000000100000000)
  region size 1024K, 0 young (0K), 0 survivors (0K)
 Metaspace       used 88014K, committed 88832K, reserved 1179648K
  class space    used 11217K, committed 11584K, reserved 1048576K
}
Event: 1809.549 GC heap before
{Heap before GC invocations=85 (full 4):
 garbage-first heap   total 111616K, used 89448K [0x0000000084000000, 0x0000000100000000)
  region size 1024K, 49 young (50176K), 0 survivors (0K)
 Metaspace       used 88384K, committed 89216K, reserved 1179648K
  class space    used 11258K, committed 11648K, reserved 1048576K
}
Event: 1809.551 GC heap after
{Heap after GC invocations=86 (full 4):
 garbage-first heap   total 111616K, used 43326K [0x0000000084000000, 0x0000000100000000)
  region size 1024K, 4 young (4096K), 4 survivors (4096K)
 Metaspace       used 88384K, committed 89216K, reserved 1179648K
  class space    used 11258K, committed 11648K, reserved 1048576K
}
Event: 1810.105 GC heap before
{Heap before GC invocations=87 (full 4):
 garbage-first heap   total 111616K, used 89406K [0x0000000084000000, 0x0000000100000000)
  region size 1024K, 49 young (50176K), 4 survivors (4096K)
 Metaspace       used 88991K, committed 89792K, reserved 1179648K
  class space    used 11294K, committed 11648K, reserved 1048576K
}
Event: 1810.109 GC heap after
{Heap after GC invocations=88 (full 4):
 garbage-first heap   total 111616K, used 45547K [0x0000000084000000, 0x0000000100000000)
  region size 1024K, 3 young (3072K), 3 survivors (3072K)
 Metaspace       used 88991K, committed 89792K, reserved 1179648K
  class space    used 11294K, committed 11648K, reserved 1048576K
}
Event: 1810.304 GC heap before
{Heap before GC invocations=88 (full 4):
 garbage-first heap   total 111616K, used 88555K [0x0000000084000000, 0x0000000100000000)
  region size 1024K, 45 young (46080K), 3 survivors (3072K)
 Metaspace       used 89440K, committed 90304K, reserved 1179648K
  class space    used 11322K, committed 11712K, reserved 1048576K
}
Event: 1810.307 GC heap after
{Heap after GC invocations=89 (full 4):
 garbage-first heap   total 111616K, used 47422K [0x0000000084000000, 0x0000000100000000)
  region size 1024K, 5 young (5120K), 5 survivors (5120K)
 Metaspace       used 89440K, committed 90304K, reserved 1179648K
  class space    used 11322K, committed 11712K, reserved 1048576K
}
Event: 1932.530 GC heap before
{Heap before GC invocations=90 (full 4):
 garbage-first heap   total 111616K, used 65854K [0x0000000084000000, 0x0000000100000000)
  region size 1024K, 24 young (24576K), 5 survivors (5120K)
 Metaspace       used 89457K, committed 90304K, reserved 1179648K
  class space    used 11323K, committed 11712K, reserved 1048576K
}
Event: 1932.584 GC heap after
{Heap after GC invocations=91 (full 5):
 garbage-first heap   total 111616K, used 37192K [0x0000000084000000, 0x0000000100000000)
  region size 1024K, 0 young (0K), 0 survivors (0K)
 Metaspace       used 89425K, committed 90304K, reserved 1179648K
  class space    used 11318K, committed 11712K, reserved 1048576K
}
Event: 1933.049 GC heap before
{Heap before GC invocations=91 (full 5):
 garbage-first heap   total 111616K, used 87368K [0x0000000084000000, 0x0000000100000000)
  region size 1024K, 50 young (51200K), 0 survivors (0K)
 Metaspace       used 89795K, committed 90624K, reserved 1179648K
  class space    used 11359K, committed 11776K, reserved 1048576K
}
Event: 1933.052 GC heap after
{Heap after GC invocations=92 (full 5):
 garbage-first heap   total 111616K, used 41566K [0x0000000084000000, 0x0000000100000000)
  region size 1024K, 5 young (5120K), 5 survivors (5120K)
 Metaspace       used 89795K, committed 90624K, reserved 1179648K
  class space    used 11359K, committed 11776K, reserved 1048576K
}
Event: 1933.605 GC heap before
{Heap before GC invocations=93 (full 5):
 garbage-first heap   total 111616K, used 87646K [0x0000000084000000, 0x0000000100000000)
  region size 1024K, 50 young (51200K), 5 survivors (5120K)
 Metaspace       used 90376K, committed 91200K, reserved 1179648K
  class space    used 11395K, committed 11776K, reserved 1048576K
}
Event: 1933.608 GC heap after
{Heap after GC invocations=94 (full 5):
 garbage-first heap   total 111616K, used 43600K [0x0000000084000000, 0x0000000100000000)
  region size 1024K, 3 young (3072K), 3 survivors (3072K)
 Metaspace       used 90376K, committed 91200K, reserved 1179648K
  class space    used 11395K, committed 11776K, reserved 1048576K
}
Event: 1944.614 GC heap before
{Heap before GC invocations=94 (full 5):
 garbage-first heap   total 111616K, used 87632K [0x0000000084000000, 0x0000000100000000)
  region size 1024K, 46 young (47104K), 3 survivors (3072K)
 Metaspace       used 90785K, committed 91648K, reserved 1179648K
  class space    used 11422K, committed 11840K, reserved 1048576K
}
Event: 1944.619 GC heap after
{Heap after GC invocations=95 (full 5):
 garbage-first heap   total 111616K, used 45032K [0x0000000084000000, 0x0000000100000000)
  region size 1024K, 4 young (4096K), 4 survivors (4096K)
 Metaspace       used 90785K, committed 91648K, reserved 1179648K
  class space    used 11422K, committed 11840K, reserved 1048576K
}
Event: 1948.541 GC heap before
{Heap before GC invocations=96 (full 5):
 garbage-first heap   total 111616K, used 46826K [0x0000000084000000, 0x0000000100000000)
  region size 1024K, 7 young (7168K), 4 survivors (4096K)
 Metaspace       used 90635K, committed 91648K, reserved 1179648K
  class space    used 11386K, committed 11840K, reserved 1048576K
}
Event: 1948.593 GC heap after
{Heap after GC invocations=97 (full 6):
 garbage-first heap   total 111616K, used 37214K [0x0000000084000000, 0x0000000100000000)
  region size 1024K, 0 young (0K), 0 survivors (0K)
 Metaspace       used 90635K, committed 91648K, reserved 1179648K
  class space    used 11386K, committed 11840K, reserved 1048576K
}
Event: 1949.605 GC heap before
{Heap before GC invocations=97 (full 6):
 garbage-first heap   total 111616K, used 88414K [0x0000000084000000, 0x0000000100000000)
  region size 1024K, 51 young (52224K), 0 survivors (0K)
 Metaspace       used 91011K, committed 91840K, reserved 1179648K
  class space    used 11429K, committed 11840K, reserved 1048576K
}
Event: 1949.608 GC heap after
{Heap after GC invocations=98 (full 6):
 garbage-first heap   total 111616K, used 41575K [0x0000000084000000, 0x0000000100000000)
  region size 1024K, 5 young (5120K), 5 survivors (5120K)
 Metaspace       used 91011K, committed 91840K, reserved 1179648K
  class space    used 11429K, committed 11840K, reserved 1048576K
}
Event: 3737.044 GC heap before
{Heap before GC invocations=99 (full 6):
 garbage-first heap   total 111616K, used 88679K [0x0000000084000000, 0x0000000100000000)
  region size 1024K, 51 young (52224K), 5 survivors (5120K)
 Metaspace       used 91447K, committed 92288K, reserved 1179648K
  class space    used 11459K, committed 11840K, reserved 1048576K
}

